The system is: Windows - 10.0.19044 - AMD64
Compiling the C compiler identification source file "CMakeCCompilerId.c" succeeded.
Compiler: C:/Program Files/Microsoft Visual Studio/2022/Enterprise/VC/Tools/MSVC/14.33.31629/bin/Hostx86/x86/cl.exe 
Build flags: 
Id flags:  

The output was:
0
Microsoft (R) C/C++ Optimizing Compiler Version 19.33.31630 for x86
Copyright (C) Microsoft Corporation.  All rights reserved.

CMakeCCompilerId.c
Microsoft (R) Incremental Linker Version 14.33.31630.0
Copyright (C) Microsoft Corporation.  All rights reserved.

/out:CMakeCCompilerId.exe 
CMakeCCompilerId.obj 


Compilation of the C compiler identification source "CMakeCCompilerId.c" produced "CMakeCCompilerId.exe"

Compilation of the C compiler identification source "CMakeCCompilerId.c" produced "CMakeCCompilerId.obj"

The C compiler identification is MSVC, found in "C:/Users/gmich/repos/lab-1-Gauss/cmake-build-debug/CMakeFiles/3.22.3/CompilerIdC/CMakeCCompilerId.exe"

Compiling the CXX compiler identification source file "CMakeCXXCompilerId.cpp" succeeded.
Compiler: C:/Program Files/Microsoft Visual Studio/2022/Enterprise/VC/Tools/MSVC/14.33.31629/bin/Hostx86/x86/cl.exe 
Build flags: 
Id flags:  

The output was:
0
Microsoft (R) C/C++ Optimizing Compiler Version 19.33.31630 for x86
Copyright (C) Microsoft Corporation.  All rights reserved.

CMakeCXXCompilerId.cpp
Microsoft (R) Incremental Linker Version 14.33.31630.0
Copyright (C) Microsoft Corporation.  All rights reserved.

/out:CMakeCXXCompilerId.exe 
CMakeCXXCompilerId.obj 


Compilation of the CXX compiler identification source "CMakeCXXCompilerId.cpp" produced "CMakeCXXCompilerId.exe"

Compilation of the CXX compiler identification source "CMakeCXXCompilerId.cpp" produced "CMakeCXXCompilerId.obj"

The CXX compiler identification is MSVC, found in "C:/Users/gmich/repos/lab-1-Gauss/cmake-build-debug/CMakeFiles/3.22.3/CompilerIdCXX/CMakeCXXCompilerId.exe"

Detecting C compiler ABI info compiled with the following output:
Change Dir: C:/Users/gmich/repos/lab-1-Gauss/cmake-build-debug/CMakeFiles/CMakeTmp

Run Build Command(s):nmake -f Makefile /nologo cmTC_81ee5\fast && 	"C:\Program Files\Microsoft Visual Studio\2022\Enterprise\VC\Tools\MSVC\14.33.31629\bin\HostX86\x86\nmake.exe"  -f CMakeFiles\cmTC_81ee5.dir\build.make /nologo -L                  CMakeFiles\cmTC_81ee5.dir\build
Building C object CMakeFiles/cmTC_81ee5.dir/CMakeCCompilerABI.c.obj
	"C:\Program Files\JetBrains\CLion 2022.1.3\bin\cmake\win\bin\cmake.exe" -E cmake_cl_compile_depends --dep-file=CMakeFiles\cmTC_81ee5.dir\CMakeCCompilerABI.c.obj.d --working-dir=C:\Users\gmich\repos\lab-1-Gauss\cmake-build-debug\CMakeFiles\CMakeTmp --filter-prefix="Note: including file: " -- C:\PROGRA~1\MICROS~3\2022\Enterprise\VC\Tools\MSVC\14.33.31629\bin\Hostx86\x86\cl.exe @C:\Users\gmich\AppData\Local\Temp\nmD8CF.tmp
CMakeCCompilerABI.c
Linking C executable cmTC_81ee5.exe
	"C:\Program Files\JetBrains\CLion 2022.1.3\bin\cmake\win\bin\cmake.exe" -E vs_link_exe --intdir=CMakeFiles\cmTC_81ee5.dir --rc=C:\PROGRA~2\WI3CF2~1\10\bin\10.0.22621.0\x86\rc.exe --mt=C:\PROGRA~2\WI3CF2~1\10\bin\10.0.22621.0\x86\mt.exe --manifests -- C:\PROGRA~1\MICROS~3\2022\Enterprise\VC\Tools\MSVC\14.33.31629\bin\Hostx86\x86\link.exe /nologo @CMakeFiles\cmTC_81ee5.dir\objects1.rsp @C:\Users\gmich\AppData\Local\Temp\nmD92E.tmp



Detecting CXX compiler ABI info compiled with the following output:
Change Dir: C:/Users/gmich/repos/lab-1-Gauss/cmake-build-debug/CMakeFiles/CMakeTmp

Run Build Command(s):nmake -f Makefile /nologo cmTC_74dc4\fast && 	"C:\Program Files\Microsoft Visual Studio\2022\Enterprise\VC\Tools\MSVC\14.33.31629\bin\HostX86\x86\nmake.exe"  -f CMakeFiles\cmTC_74dc4.dir\build.make /nologo -L                  CMakeFiles\cmTC_74dc4.dir\build
Building CXX object CMakeFiles/cmTC_74dc4.dir/CMakeCXXCompilerABI.cpp.obj
	"C:\Program Files\JetBrains\CLion 2022.1.3\bin\cmake\win\bin\cmake.exe" -E cmake_cl_compile_depends --dep-file=CMakeFiles\cmTC_74dc4.dir\CMakeCXXCompilerABI.cpp.obj.d --working-dir=C:\Users\gmich\repos\lab-1-Gauss\cmake-build-debug\CMakeFiles\CMakeTmp --filter-prefix="Note: including file: " -- C:\PROGRA~1\MICROS~3\2022\Enterprise\VC\Tools\MSVC\14.33.31629\bin\Hostx86\x86\cl.exe @C:\Users\gmich\AppData\Local\Temp\nmDB30.tmp
CMakeCXXCompilerABI.cpp
Linking CXX executable cmTC_74dc4.exe
	"C:\Program Files\JetBrains\CLion 2022.1.3\bin\cmake\win\bin\cmake.exe" -E vs_link_exe --intdir=CMakeFiles\cmTC_74dc4.dir --rc=C:\PROGRA~2\WI3CF2~1\10\bin\10.0.22621.0\x86\rc.exe --mt=C:\PROGRA~2\WI3CF2~1\10\bin\10.0.22621.0\x86\mt.exe --manifests -- C:\PROGRA~1\MICROS~3\2022\Enterprise\VC\Tools\MSVC\14.33.31629\bin\Hostx86\x86\link.exe /nologo @CMakeFiles\cmTC_74dc4.dir\objects1.rsp @C:\Users\gmich\AppData\Local\Temp\nmDBCE.tmp



The system is: Windows - 10.0.19044 - AMD64
Compiling the C compiler identification source file "CMakeCCompilerId.c" succeeded.
Compiler: C:/Program Files/Microsoft Visual Studio/2022/Enterprise/VC/Tools/MSVC/14.33.31629/bin/Hostx86/x86/cl.exe 
Build flags: /DWIN32;/D_WINDOWS
Id flags:  

The output was:
0
Microsoft (R) C/C++ Optimizing Compiler Version 19.33.31630 for x86
Copyright (C) Microsoft Corporation.  All rights reserved.

CMakeCCompilerId.c
Microsoft (R) Incremental Linker Version 14.33.31630.0
Copyright (C) Microsoft Corporation.  All rights reserved.

/out:CMakeCCompilerId.exe 
CMakeCCompilerId.obj 


Compilation of the C compiler identification source "CMakeCCompilerId.c" produced "CMakeCCompilerId.exe"

Compilation of the C compiler identification source "CMakeCCompilerId.c" produced "CMakeCCompilerId.obj"

The C compiler identification is MSVC, found in "C:/Users/gmich/repos/lab-1-Gauss/cmake-build-debug/CMakeFiles/3.24.2/CompilerIdC/CMakeCCompilerId.exe"

Compiling the CXX compiler identification source file "CMakeCXXCompilerId.cpp" succeeded.
Compiler: C:/Program Files/Microsoft Visual Studio/2022/Enterprise/VC/Tools/MSVC/14.33.31629/bin/Hostx86/x86/cl.exe 
Build flags: /DWIN32;/D_WINDOWS;/EHsc
Id flags:  

The output was:
0
Microsoft (R) C/C++ Optimizing Compiler Version 19.33.31630 for x86
Copyright (C) Microsoft Corporation.  All rights reserved.

CMakeCXXCompilerId.cpp
Microsoft (R) Incremental Linker Version 14.33.31630.0
Copyright (C) Microsoft Corporation.  All rights reserved.

/out:CMakeCXXCompilerId.exe 
CMakeCXXCompilerId.obj 


Compilation of the CXX compiler identification source "CMakeCXXCompilerId.cpp" produced "CMakeCXXCompilerId.exe"

Compilation of the CXX compiler identification source "CMakeCXXCompilerId.cpp" produced "CMakeCXXCompilerId.obj"

The CXX compiler identification is MSVC, found in "C:/Users/gmich/repos/lab-1-Gauss/cmake-build-debug/CMakeFiles/3.24.2/CompilerIdCXX/CMakeCXXCompilerId.exe"

Detecting C compiler ABI info compiled with the following output:
Change Dir: C:/Users/gmich/repos/lab-1-Gauss/cmake-build-debug/CMakeFiles/CMakeTmp

Run Build Command(s):nmake -f Makefile /nologo cmTC_dce74\fast && 	"C:\Program Files\Microsoft Visual Studio\2022\Enterprise\VC\Tools\MSVC\14.33.31629\bin\HostX86\x86\nmake.exe"  -f CMakeFiles\cmTC_dce74.dir\build.make /nologo -L                  CMakeFiles\cmTC_dce74.dir\build
Building C object CMakeFiles/cmTC_dce74.dir/CMakeCCompilerABI.c.obj
	"C:\Program Files\CMake\bin\cmake.exe" -E cmake_cl_compile_depends --dep-file=CMakeFiles\cmTC_dce74.dir\CMakeCCompilerABI.c.obj.d --working-dir=C:\Users\gmich\repos\lab-1-Gauss\cmake-build-debug\CMakeFiles\CMakeTmp --filter-prefix="Note: including file: " -- C:\PROGRA~1\MICROS~3\2022\Enterprise\VC\Tools\MSVC\14.33.31629\bin\Hostx86\x86\cl.exe @C:\Users\gmich\AppData\Local\Temp\nmE704.tmp
CMakeCCompilerABI.c
Linking C executable cmTC_dce74.exe
	"C:\Program Files\CMake\bin\cmake.exe" -E vs_link_exe --intdir=CMakeFiles\cmTC_dce74.dir --rc=C:\PROGRA~2\WI3CF2~1\10\bin\10.0.22621.0\x86\rc.exe --mt=C:\PROGRA~2\WI3CF2~1\10\bin\10.0.22621.0\x86\mt.exe --manifests -- C:\PROGRA~1\MICROS~3\2022\Enterprise\VC\Tools\MSVC\14.33.31629\bin\Hostx86\x86\link.exe /nologo @CMakeFiles\cmTC_dce74.dir\objects1.rsp @C:\Users\gmich\AppData\Local\Temp\nmE773.tmp



Detecting CXX compiler ABI info compiled with the following output:
Change Dir: C:/Users/gmich/repos/lab-1-Gauss/cmake-build-debug/CMakeFiles/CMakeTmp

Run Build Command(s):nmake -f Makefile /nologo cmTC_672dd\fast && 	"C:\Program Files\Microsoft Visual Studio\2022\Enterprise\VC\Tools\MSVC\14.33.31629\bin\HostX86\x86\nmake.exe"  -f CMakeFiles\cmTC_672dd.dir\build.make /nologo -L                  CMakeFiles\cmTC_672dd.dir\build
Building CXX object CMakeFiles/cmTC_672dd.dir/CMakeCXXCompilerABI.cpp.obj
	"C:\Program Files\CMake\bin\cmake.exe" -E cmake_cl_compile_depends --dep-file=CMakeFiles\cmTC_672dd.dir\CMakeCXXCompilerABI.cpp.obj.d --working-dir=C:\Users\gmich\repos\lab-1-Gauss\cmake-build-debug\CMakeFiles\CMakeTmp --filter-prefix="Note: including file: " -- C:\PROGRA~1\MICROS~3\2022\Enterprise\VC\Tools\MSVC\14.33.31629\bin\Hostx86\x86\cl.exe @C:\Users\gmich\AppData\Local\Temp\nmE918.tmp
CMakeCXXCompilerABI.cpp
Linking CXX executable cmTC_672dd.exe
	"C:\Program Files\CMake\bin\cmake.exe" -E vs_link_exe --intdir=CMakeFiles\cmTC_672dd.dir --rc=C:\PROGRA~2\WI3CF2~1\10\bin\10.0.22621.0\x86\rc.exe --mt=C:\PROGRA~2\WI3CF2~1\10\bin\10.0.22621.0\x86\mt.exe --manifests -- C:\PROGRA~1\MICROS~3\2022\Enterprise\VC\Tools\MSVC\14.33.31629\bin\Hostx86\x86\link.exe /nologo @CMakeFiles\cmTC_672dd.dir\objects1.rsp @C:\Users\gmich\AppData\Local\Temp\nmE976.tmp



